<?xml version="1.0" encoding="UTF-8"?>
<!-- Generated by org.testng.reporters.JUnitReportReporter -->
<testsuite hostname="del1-lhp-n82106" failures="0" tests="1" name="Com.Automation.Test.GET_Method" time="3.759" errors="0" timestamp="2022-08-30T15:53:54 IST" skipped="0">
  <testcase classname="Com.Automation.Test.GET_Method" name="getDetails" time="3.759"/>
  <system-out/>
</testsuite> <!-- Com.Automation.Test.GET_Method -->
