<?xml version="1.0" encoding="UTF-8"?>
<!-- Generated by org.testng.reporters.JUnitReportReporter -->
<testsuite hostname="del1-lhp-n82106" failures="0" tests="5" name="Com.Automation.Test.Books_POST_Method" time="9.239" errors="0" timestamp="2022-09-14T11:04:49 IST" skipped="0">
  <testcase classname="Com.Automation.Test.Books_POST_Method" name="create" time="4.807"/>
  <system-out/>
  <testcase classname="Com.Automation.Test.Books_POST_Method" name="create" time="0.959"/>
  <system-out/>
  <testcase classname="Com.Automation.Test.Books_POST_Method" name="create" time="1.046"/>
  <system-out/>
  <testcase classname="Com.Automation.Test.Books_POST_Method" name="create" time="0.942"/>
  <system-out/>
  <testcase classname="Com.Automation.Test.Books_POST_Method" name="create" time="1.485"/>
  <system-out/>
</testsuite> <!-- Com.Automation.Test.Books_POST_Method -->
