<?xml version="1.0" encoding="UTF-8"?>
<!-- Generated by org.testng.reporters.JUnitReportReporter -->
<testsuite hostname="del1-lhp-n82106" failures="0" tests="1" name="Com.Automation.Test.CoverPhotos_PUT" time="2.570" errors="0" timestamp="2022-09-08T16:57:56 IST" skipped="0">
  <testcase classname="Com.Automation.Test.CoverPhotos_PUT" name="put_request" time="2.570"/>
  <system-out/>
</testsuite> <!-- Com.Automation.Test.CoverPhotos_PUT -->
