<?xml version="1.0" encoding="UTF-8"?>
<!-- Generated by org.testng.reporters.JUnitReportReporter -->
<testsuite hostname="del1-lhp-n82106" failures="0" tests="1" name="Com.Automation.Test.DELETE_Method" time="4.692" errors="0" timestamp="2022-09-01T10:49:18 IST" skipped="0">
  <testcase classname="Com.Automation.Test.DELETE_Method" name="delete" time="4.692"/>
  <system-out/>
</testsuite> <!-- Com.Automation.Test.DELETE_Method -->
