<?xml version="1.0" encoding="UTF-8"?>
<!-- Generated by org.testng.reporters.JUnitReportReporter -->
<testsuite hostname="del1-lhp-n82106" failures="0" tests="1" name="Com.Automation.Test.Books_DELETE_Method" time="3.780" errors="0" timestamp="2022-09-08T13:05:43 IST" skipped="0">
  <testcase classname="Com.Automation.Test.Books_DELETE_Method" name="delete" time="3.780"/>
  <system-out/>
</testsuite> <!-- Com.Automation.Test.Books_DELETE_Method -->
