<?xml version="1.0" encoding="UTF-8"?>
<!-- Generated by org.testng.reporters.JUnitReportReporter -->
<testsuite hostname="del1-lhp-n82106" failures="0" tests="1" name="Com.Automation.Test.CoverPhotos_DELETE" time="3.717" errors="0" timestamp="2022-09-08T17:54:42 IST" skipped="0">
  <testcase classname="Com.Automation.Test.CoverPhotos_DELETE" name="delete_method" time="3.717"/>
  <system-out/>
</testsuite> <!-- Com.Automation.Test.CoverPhotos_DELETE -->
