<?xml version="1.0" encoding="UTF-8"?>
<!-- Generated by org.testng.reporters.JUnitReportReporter -->
<testsuite hostname="del1-lhp-n82106" failures="0" tests="1" name="Com.Automation.Test.Authors_PUT" time="3.720" errors="0" timestamp="2022-09-09T12:44:21 IST" skipped="0">
  <testcase classname="Com.Automation.Test.Authors_PUT" name="update_method" time="3.720"/>
  <system-out/>
</testsuite> <!-- Com.Automation.Test.Authors_PUT -->
