<?xml version="1.0" encoding="UTF-8"?>
<!-- Generated by org.testng.reporters.JUnitReportReporter -->
<testsuite hostname="del1-lhp-n82106" failures="0" tests="4" name="Com.Automation.Test.Authors_POST" time="7.898" errors="0" timestamp="2022-09-09T12:35:22 IST" skipped="0">
  <testcase classname="Com.Automation.Test.Authors_POST" name="create_multiple_request" time="1.011"/>
  <system-out/>
  <testcase classname="Com.Automation.Test.Authors_POST" name="create_multiple_request" time="4.846"/>
  <system-out/>
  <testcase classname="Com.Automation.Test.Authors_POST" name="create_multiple_request" time="1.036"/>
  <system-out/>
  <testcase classname="Com.Automation.Test.Authors_POST" name="create_multiple_request" time="1.005"/>
  <system-out/>
</testsuite> <!-- Com.Automation.Test.Authors_POST -->
