<?xml version="1.0" encoding="UTF-8"?>
<!-- Generated by org.testng.reporters.JUnitReportReporter -->
<testsuite hostname="del1-lhp-n82106" failures="0" tests="4" name="Com.Automation.Test.CoverPhotos_POST" time="7.694" errors="0" timestamp="2022-09-09T14:36:22 IST" skipped="0">
  <testcase classname="Com.Automation.Test.CoverPhotos_POST" name="multiple_createRequest" time="0.973"/>
  <system-out/>
  <testcase classname="Com.Automation.Test.CoverPhotos_POST" name="multiple_createRequest" time="0.976"/>
  <system-out/>
  <testcase classname="Com.Automation.Test.CoverPhotos_POST" name="multiple_createRequest" time="0.982"/>
  <system-out/>
  <testcase classname="Com.Automation.Test.CoverPhotos_POST" name="multiple_createRequest" time="4.763"/>
  <system-out/>
</testsuite> <!-- Com.Automation.Test.CoverPhotos_POST -->
