<?xml version="1.0" encoding="UTF-8"?>
<!-- Generated by org.testng.reporters.JUnitReportReporter -->
<testsuite hostname="del1-lhp-n82106" failures="0" tests="1" name="Com.Automation.Test.CoverPhotos_GET" time="3.693" errors="0" timestamp="2022-09-06T17:14:41 IST" skipped="0">
  <testcase classname="Com.Automation.Test.CoverPhotos_GET" name="get_method" time="3.693"/>
  <system-out/>
</testsuite> <!-- Com.Automation.Test.CoverPhotos_GET -->
