<?xml version="1.0" encoding="UTF-8"?>
<!-- Generated by org.testng.reporters.JUnitReportReporter -->
<testsuite hostname="del1-lhp-n82106" failures="0" tests="1" name="Com.Automation.Test.PUT_Method" time="3.804" errors="0" timestamp="2022-08-30T17:28:58 IST" skipped="0">
  <testcase classname="Com.Automation.Test.PUT_Method" name="Update_book" time="3.804"/>
  <system-out/>
</testsuite> <!-- Com.Automation.Test.PUT_Method -->
