<?xml version="1.0" encoding="UTF-8"?>
<!-- Generated by org.testng.reporters.JUnitReportReporter -->
<testsuite hostname="del1-lhp-n82106" failures="0" tests="1" name="Com.Automation.Test.Books_GET_Method" time="8.957" errors="0" timestamp="2022-09-05T12:12:06 IST" skipped="0">
  <testcase classname="Com.Automation.Test.Books_GET_Method" name="getDetails" time="8.957"/>
  <system-out/>
</testsuite> <!-- Com.Automation.Test.Books_GET_Method -->
