<?xml version="1.0" encoding="UTF-8"?>
<!-- Generated by org.testng.reporters.JUnitReportReporter -->
<testsuite hostname="del1-lhp-n82106" failures="0" tests="4" name="Com.Automation.Test.POST_Method" time="7.674" errors="0" timestamp="2022-09-05T11:53:34 IST" skipped="0">
  <testcase classname="Com.Automation.Test.POST_Method" name="create" time="4.514"/>
  <system-out/>
  <testcase classname="Com.Automation.Test.POST_Method" name="create" time="0.950"/>
  <system-out/>
  <testcase classname="Com.Automation.Test.POST_Method" name="create" time="0.994"/>
  <system-out/>
  <testcase classname="Com.Automation.Test.POST_Method" name="create" time="1.216"/>
  <system-out/>
</testsuite> <!-- Com.Automation.Test.POST_Method -->
